[Thu Apr  2 08:35:02 CDT 2026] Auto-push watcher started
[Thu Apr  2 08:49:23 CDT 2026] Auto-push watcher started
[2026-04-02 08:49:32] Changes detected, committing...
[main 93facc5] Auto-update: 2026-04-02 08:49:32
 2 files changed, 42 insertions(+)
 create mode 100644 scripts/auto-push.log
 create mode 100755 scripts/auto-push.sh
To https://github.com/schild52787/mission-control.git
   e70a24d..93facc5  main -> main
[2026-04-02 08:49:32] Pushed to GitHub
[2026-04-02 08:55:52] Changes detected, committing...
[main df63def] Auto-update: 2026-04-02 08:55:52
 2 files changed, 179 insertions(+), 1 deletion(-)
To https://github.com/schild52787/mission-control.git
   93facc5..df63def  main -> main
[2026-04-02 08:55:52] Pushed to GitHub
[2026-04-02 08:57:28] Changes detected, committing...
[main a2b709c] Auto-update: 2026-04-02 08:57:28
 2 files changed, 7 insertions(+), 277 deletions(-)
To https://github.com/schild52787/mission-control.git
   df63def..a2b709c  main -> main
[2026-04-02 08:57:28] Pushed to GitHub
[2026-04-02 08:59:16] Changes detected, committing...
[main 99e8fa3] Auto-update: 2026-04-02 08:59:16
 3 files changed, 101 insertions(+), 2 deletions(-)
To https://github.com/schild52787/mission-control.git
   a2b709c..99e8fa3  main -> main
[2026-04-02 08:59:16] Pushed to GitHub
[2026-04-02 08:59:30] Changes detected, committing...
[main f47ac96] Auto-update: 2026-04-02 08:59:30
 1 file changed, 6 insertions(+)
To https://github.com/schild52787/mission-control.git
   99e8fa3..f47ac96  main -> main
[2026-04-02 08:59:30] Pushed to GitHub
[2026-04-02 08:59:42] Changes detected, committing...
